<?xml version="1.0" encoding="UTF-8"?>
<robot generator="Robot 3.1.2 (Python 3.8.1 on win32)" generated="20210120 12:41:28.344" rpa="false">
<suite id="s1" name="TC1" source="C:\Users\Mallikarjun\PycharmProjects\jenkin\testcase\TC1.robot">
<test id="s1-t1" name="window switch">
<kw name="Open Browser" library="SeleniumLibrary">
<doc>Opens a new browser instance to the optional ``url``.</doc>
<arguments>
<arg>https://robotframework.org/</arg>
<arg>chrome</arg>
</arguments>
<msg timestamp="20210120 12:41:29.097" level="INFO">Opening browser 'chrome' to base url 'https://robotframework.org/'.</msg>
<status status="PASS" starttime="20210120 12:41:29.096" endtime="20210120 12:41:38.394"></status>
</kw>
<kw name="Maximize Browser Window" library="SeleniumLibrary">
<doc>Maximizes current browser window.</doc>
<status status="PASS" starttime="20210120 12:41:38.395" endtime="20210120 12:41:39.704"></status>
</kw>
<kw name="Close All Browsers" library="SeleniumLibrary">
<doc>Closes all open browsers and resets the browser cache.</doc>
<status status="PASS" starttime="20210120 12:41:39.714" endtime="20210120 12:41:42.023"></status>
</kw>
<status status="PASS" starttime="20210120 12:41:29.094" endtime="20210120 12:41:42.024" critical="yes"></status>
</test>
<doc>Suite description</doc>
<status status="PASS" starttime="20210120 12:41:28.350" endtime="20210120 12:41:42.029"></status>
</suite>
<statistics>
<total>
<stat pass="1" fail="0">Critical Tests</stat>
<stat pass="1" fail="0">All Tests</stat>
</total>
<tag>
</tag>
<suite>
<stat pass="1" fail="0" id="s1" name="TC1">TC1</stat>
</suite>
</statistics>
<errors>
</errors>
</robot>
